<?xml version="1.0" encoding="UTF-8"?>
<testng-results ignored="0" total="2" passed="2" failed="0" skipped="0">
  <reporter-output>
  </reporter-output>
  <suite started-at="2021-12-03T01:40:45 PKT" name="Suite" finished-at="2021-12-03T01:41:20 PKT" duration-ms="35262">
    <groups>
    </groups>
    <test started-at="2021-12-03T01:40:45 PKT" name="TestonFirefox" finished-at="2021-12-03T01:41:06 PKT" duration-ms="20787">
      <class name="abc.TestNG_Demo">
        <test-method is-config="true" signature="setUp(java.lang.String)[pri:0, instance:abc.TestNG_Demo@2b91004a]" started-at="2021-12-03T01:40:45 PKT" name="setUp" finished-at="2021-12-03T01:40:47 PKT" duration-ms="2606" status="PASS">
          <params>
            <param index="0">
              <value>
                <![CDATA[firefox]]>
              </value>
            </param>
          </params>
          <reporter-output>
          </reporter-output>
        </test-method> <!-- setUp -->
        <test-method signature="login()[pri:0, instance:abc.TestNG_Demo@2b91004a]" started-at="2021-12-03T01:40:47 PKT" name="login" finished-at="2021-12-03T01:41:06 PKT" duration-ms="18133" status="PASS">
          <reporter-output>
          </reporter-output>
        </test-method> <!-- login -->
        <test-method is-config="true" signature="setBottom()[pri:0, instance:abc.TestNG_Demo@2b91004a]" started-at="2021-12-03T01:41:06 PKT" name="setBottom" finished-at="2021-12-03T01:41:06 PKT" duration-ms="1" status="PASS">
          <reporter-output>
          </reporter-output>
        </test-method> <!-- setBottom -->
      </class> <!-- abc.TestNG_Demo -->
    </test> <!-- TestonFirefox -->
    <test started-at="2021-12-03T01:40:45 PKT" name="TestonChrome" finished-at="2021-12-03T01:41:20 PKT" duration-ms="35257">
      <class name="abc.TestNG_Demo">
        <test-method is-config="true" signature="setUp(java.lang.String)[pri:0, instance:abc.TestNG_Demo@3e11f9e9]" started-at="2021-12-03T01:40:45 PKT" name="setUp" finished-at="2021-12-03T01:40:55 PKT" duration-ms="10218" status="PASS">
          <params>
            <param index="0">
              <value>
                <![CDATA[Chrome]]>
              </value>
            </param>
          </params>
          <reporter-output>
          </reporter-output>
        </test-method> <!-- setUp -->
        <test-method signature="login()[pri:0, instance:abc.TestNG_Demo@3e11f9e9]" started-at="2021-12-03T01:40:55 PKT" name="login" finished-at="2021-12-03T01:41:20 PKT" duration-ms="25031" status="PASS">
          <reporter-output>
          </reporter-output>
        </test-method> <!-- login -->
        <test-method is-config="true" signature="setBottom()[pri:0, instance:abc.TestNG_Demo@3e11f9e9]" started-at="2021-12-03T01:41:20 PKT" name="setBottom" finished-at="2021-12-03T01:41:20 PKT" duration-ms="1" status="PASS">
          <reporter-output>
          </reporter-output>
        </test-method> <!-- setBottom -->
      </class> <!-- abc.TestNG_Demo -->
    </test> <!-- TestonChrome -->
  </suite> <!-- Suite -->
</testng-results>
